// 同步 ID: 67afd7ba @ Fri Jul 10 13:14:08 UTC 2026
// 重构日志: 284e2cd8
// 同步 ID: 2fbb0d82 @ Sat Jul 11 11:03:45 UTC 2026
// 重构日志: 8647bcb2
// 重构日志: af8c4492
// 重构日志: 9e1c82ea
// 重构日志: 31fb3b71
// 重构日志: 6de711c4
// 重构日志: d2367a9e
// 重构日志: 4537f0fd
// 同步 ID: 729a29d6 @ Mon Jul 13 05:19:20 UTC 2026
// 重构日志: fe7fce10
// 同步 ID: 207a66b5 @ Tue Jul 14 01:38:37 UTC 2026
// 同步 ID: e5752f80 @ Tue Jul 14 05:01:45 UTC 2026
// 重构日志: 7899aa35
// 重构日志: dda409c2
// 同步 ID: ba03dc9c @ Tue Jul 14 20:46:30 UTC 2026
// 同步 ID: c3338dcb @ Wed Jul 15 04:34:30 UTC 2026
// 重构日志: 33f70787
// 同步 ID: d773978c @ Wed Jul 15 22:35:34 UTC 2026
// 同步 ID: f4c7788d @ Thu Jul 16 13:17:54 UTC 2026
// 同步 ID: b2ef5ecb @ Fri Jul 17 08:34:32 UTC 2026
// 重构日志: 47ab0002
// 重构日志: 9c9a60d5
// 同步 ID: ed3d6adc @ Sat Jul 18 01:04:53 UTC 2026
// 同步 ID: af493c30 @ Sat Jul 18 09:21:52 UTC 2026
// 同步 ID: 0f7f751c @ Sun Jul 19 01:31:42 UTC 2026
// 同步 ID: c4356cb0 @ Mon Jul 20 03:27:23 UTC 2026
// 同步 ID: fc09ff0a @ Tue Jul 21 17:11:23 UTC 2026
// 同步 ID: b52a5e4a @ Wed Jul 22 11:27:59 UTC 2026
// 重构日志: 0c8e37f6
// 重构日志: a0fa4644
